<?xml version="1.0" encoding="UTF-8"?>
<!-- Generated by org.testng.reporters.JUnitXMLReporter -->
<testsuite hostname="DESKTOP-EA7R36R" name="Automation_Scenario_1" tests="8" failures="0" timestamp="1 Apr 2019 14:34:22 GMT" time="101.48" errors="0">
  <testcase name="Browser_Launch" time="8.591" classname="testcases.Browser_URL_Launch"/>
  <testcase name="urllaunch" time="12.427" classname="testcases.Browser_URL_Launch"/>
  <testcase name="Login_process" time="14.934" classname="testcases.EnterCItyName_Testcases"/>
  <testcase name="Login_process" time="13.235" classname="testcases.EnterCItyName_Testcases"/>
  <testcase name="Login_process" time="13.29" classname="testcases.EnterCItyName_Testcases"/>
  <testcase name="Login_process" time="12.82" classname="testcases.EnterCItyName_Testcases"/>
  <testcase name="Login_process" time="12.802" classname="testcases.EnterCItyName_Testcases"/>
  <testcase name="Login_process" time="12.911" classname="testcases.EnterCItyName_Testcases"/>
</testsuite> <!-- Automation_Scenario_1 -->
