<?xml version="1.0" encoding="UTF-8"?>
<!-- Generated by org.testng.reporters.JUnitXMLReporter -->
<testsuite hostname="DESKTOP-EA7R36R" name="My test" tests="8" failures="6" timestamp="3 Apr 2019 07:47:00 GMT" time="86.504" errors="0">
  <testcase name="Browser_Launch" time="8.927" classname="testcases.Browser_URL_Launch"/>
  <testcase name="urllaunch" time="12.412" classname="testcases.Browser_URL_Launch"/>
  <testcase name="Login_process" time="12.599" classname="testcases.EnterCItyName_Testcases">
    <failure type="java.lang.AssertionError" message="The following asserts failed:
	Verifying the maximum wind speed displayed in ui for the day 1 expected [4] but found [3],
	Verifying the maximum wind speed displayed in ui for the day 2 expected [7] but found [2],
	Verifying the maximum wind speed displayed in ui for the day 3 expected [8] but found [5],
	Verifying the maximum wind speed displayed in ui for the day 4 expected [9] but found [6],
	Verifying the maximum pressure for the day 4 expected [1011] but found [1006]">
      <![CDATA[java.lang.AssertionError: The following asserts failed:
	Verifying the maximum wind speed displayed in ui for the day 1 expected [4] but found [3],
	Verifying the maximum wind speed displayed in ui for the day 2 expected [7] but found [2],
	Verifying the maximum wind speed displayed in ui for the day 3 expected [8] but found [5],
	Verifying the maximum wind speed displayed in ui for the day 4 expected [9] but found [6],
	Verifying the maximum pressure for the day 4 expected [1011] but found [1006]
	at Page_Objects.EnterCityName_Objects.verifyWeatherForeCastForAllDays(EnterCityName_Objects.java:183)
	at testcases.EnterCItyName_Testcases.Login_process(EnterCItyName_Testcases.java:44)
... Removed 25 stack frames]]>
    </failure>
  </testcase> <!-- Login_process -->
  <testcase name="Login_process" time="10.098" classname="testcases.EnterCItyName_Testcases">
    <failure type="java.lang.AssertionError" message="The following asserts failed:
	Verifying the maximum wind speed displayed in ui for the day 2 expected [5] but found [2],
	Verifying the maximum wind speed displayed in ui for the day 3 expected [7] but found [3],
	Verifying the maximum wind speed displayed in ui for the day 4 expected [9] but found [7],
	Verifying the maximum pressure for the day 4 expected [1019] but found [1014]">
      <![CDATA[java.lang.AssertionError: The following asserts failed:
	Verifying the maximum wind speed displayed in ui for the day 2 expected [5] but found [2],
	Verifying the maximum wind speed displayed in ui for the day 3 expected [7] but found [3],
	Verifying the maximum wind speed displayed in ui for the day 4 expected [9] but found [7],
	Verifying the maximum pressure for the day 4 expected [1019] but found [1014]
	at Page_Objects.EnterCityName_Objects.verifyWeatherForeCastForAllDays(EnterCityName_Objects.java:183)
	at testcases.EnterCItyName_Testcases.Login_process(EnterCItyName_Testcases.java:44)
... Removed 25 stack frames]]>
    </failure>
  </testcase> <!-- Login_process -->
  <testcase name="Login_process" time="8.817" classname="testcases.EnterCItyName_Testcases">
    <failure type="java.lang.AssertionError" message="The following asserts failed:
	Verifying the maximum wind speed displayed in ui for the day 2 expected [5] but found [1],
	Verifying the maximum wind speed displayed in ui for the day 3 expected [8] but found [3],
	Verifying the maximum wind speed displayed in ui for the day 4 expected [9] but found [6],
	Verifying the maximum pressure for the day 4 expected [1005] but found [999],
	Verifying the maximum wind speed displayed in ui for the day 5 expected [11] but found [10]">
      <![CDATA[java.lang.AssertionError: The following asserts failed:
	Verifying the maximum wind speed displayed in ui for the day 2 expected [5] but found [1],
	Verifying the maximum wind speed displayed in ui for the day 3 expected [8] but found [3],
	Verifying the maximum wind speed displayed in ui for the day 4 expected [9] but found [6],
	Verifying the maximum pressure for the day 4 expected [1005] but found [999],
	Verifying the maximum wind speed displayed in ui for the day 5 expected [11] but found [10]
	at Page_Objects.EnterCityName_Objects.verifyWeatherForeCastForAllDays(EnterCityName_Objects.java:183)
	at testcases.EnterCItyName_Testcases.Login_process(EnterCItyName_Testcases.java:44)
... Removed 25 stack frames]]>
    </failure>
  </testcase> <!-- Login_process -->
  <testcase name="Login_process" time="10.817" classname="testcases.EnterCItyName_Testcases">
    <failure type="java.lang.AssertionError" message="The following asserts failed:
	Verifying the maximum wind speed displayed in ui for the day 2 expected [5] but found [2],
	Verifying the maximum wind speed displayed in ui for the day 3 expected [6] but found [3],
	Verifying the maximum wind speed displayed in ui for the day 4 expected [10] but found [6],
	Verifying the maximum pressure for the day 4 expected [1011] but found [1006],
	Verifying the maximum wind speed displayed in ui for the day 5 expected [11] but found [10]">
      <![CDATA[java.lang.AssertionError: The following asserts failed:
	Verifying the maximum wind speed displayed in ui for the day 2 expected [5] but found [2],
	Verifying the maximum wind speed displayed in ui for the day 3 expected [6] but found [3],
	Verifying the maximum wind speed displayed in ui for the day 4 expected [10] but found [6],
	Verifying the maximum pressure for the day 4 expected [1011] but found [1006],
	Verifying the maximum wind speed displayed in ui for the day 5 expected [11] but found [10]
	at Page_Objects.EnterCityName_Objects.verifyWeatherForeCastForAllDays(EnterCityName_Objects.java:183)
	at testcases.EnterCItyName_Testcases.Login_process(EnterCItyName_Testcases.java:44)
... Removed 25 stack frames]]>
    </failure>
  </testcase> <!-- Login_process -->
  <testcase name="Login_process" time="12.036" classname="testcases.EnterCItyName_Testcases">
    <failure type="java.lang.AssertionError" message="The following asserts failed:
	Verifying the maximum wind speed displayed in ui for the day 2 expected [4] but found [1],
	Verifying the maximum wind speed displayed in ui for the day 3 expected [5] but found [2],
	Verifying the maximum wind speed displayed in ui for the day 4 expected [8] but found [5],
	Verifying the maximum pressure for the day 4 expected [1005] but found [999],
	Verifying the maximum wind speed displayed in ui for the day 5 expected [9] but found [8]">
      <![CDATA[java.lang.AssertionError: The following asserts failed:
	Verifying the maximum wind speed displayed in ui for the day 2 expected [4] but found [1],
	Verifying the maximum wind speed displayed in ui for the day 3 expected [5] but found [2],
	Verifying the maximum wind speed displayed in ui for the day 4 expected [8] but found [5],
	Verifying the maximum pressure for the day 4 expected [1005] but found [999],
	Verifying the maximum wind speed displayed in ui for the day 5 expected [9] but found [8]
	at Page_Objects.EnterCityName_Objects.verifyWeatherForeCastForAllDays(EnterCityName_Objects.java:183)
	at testcases.EnterCItyName_Testcases.Login_process(EnterCItyName_Testcases.java:44)
... Removed 25 stack frames]]>
    </failure>
  </testcase> <!-- Login_process -->
  <testcase name="Login_process" time="9.922" classname="testcases.EnterCItyName_Testcases">
    <failure type="java.lang.AssertionError" message="The following asserts failed:
	Verifying the maximum wind speed displayed in ui for the day 2 expected [3] but found [1],
	Verifying the maximum wind speed displayed in ui for the day 3 expected [4] but found [2],
	Verifying the maximum wind speed displayed in ui for the day 4 expected [6] but found [4],
	Verifying the maximum pressure for the day 4 expected [987] but found [982],
	Verifying the maximum wind speed displayed in ui for the day 5 expected [7] but found [6]">
      <![CDATA[java.lang.AssertionError: The following asserts failed:
	Verifying the maximum wind speed displayed in ui for the day 2 expected [3] but found [1],
	Verifying the maximum wind speed displayed in ui for the day 3 expected [4] but found [2],
	Verifying the maximum wind speed displayed in ui for the day 4 expected [6] but found [4],
	Verifying the maximum pressure for the day 4 expected [987] but found [982],
	Verifying the maximum wind speed displayed in ui for the day 5 expected [7] but found [6]
	at Page_Objects.EnterCityName_Objects.verifyWeatherForeCastForAllDays(EnterCityName_Objects.java:183)
	at testcases.EnterCItyName_Testcases.Login_process(EnterCItyName_Testcases.java:44)
... Removed 25 stack frames]]>
    </failure>
  </testcase> <!-- Login_process -->
</testsuite> <!-- My test -->
